ATAM AGENTIC LOG - STARTED 2026-02-02 18:34:09.700651
================================================================================

[18:34:13] [QUERY] Architect -> Customer:
Please provide the system description, including its purpose, scope, and key technical/operational context. Also, specify the architectural styles or patterns being used or considered, and the primary quality attributes (e.g., performance, scalability, security) the architecture aims to address.
--------------------------------------------------
[18:34:39] [RESPONSE] Customer -> Architect:
{
    "type": "final_answer",
    "reasoning": "The system description and architectural drivers are directly extracted from the provided 'evaluation_inputs'. The Event-Driven architectural style is identified from the 'investigative_prompts'. The primary quality attributes are derived from the 'architectural_drivers' list.",
    "data": {
        "ATAM_Evaluation": {
            "metadata": {},
            "evaluation_inputs": {
                "system_description": "An Event framework designed to handle and process events for an event-driven application. The framework consists of an Event Manager, Event Queue, and Handlers. The application utilizes these services to process user inputs from a command-line interface, binding events to specific handlers via a registry.",
                "phase_1_discovery": {},
                "phase_2_architectural_context": {},
                "quantitative_model_parameters": {},
                "investigative_prompts": {},
                "raw_candidate_scenarios": [],
                "business_context": {}
            },
            "ground_truth_outputs": {
                "architectural_approaches": [
                    {
                        "approach_name": "Event-Driven Architecture",
                        "description": "The framework is explicitly designed around an Event Manager, Event Queue, and Handlers to process events from a command-line interface.",
                        "addressed_attributes": [
                            {
                                "quality_attribute": "Variability",
                                "rationale": "Decouples event sources from handlers, allowing new event types and handlers to be added."
                            },
                            {
                                "quality_attribute": "Modifiability",
                                "rationale": "The registry pattern for binding events to handlers facilitates changes and extensions."
                            }
                        ]
                    }
                ],
                "scenarios": [
                    {
                        "scenario_text": "Provide an Event framework to be used by an application",
                        "primary_quality_attribute": ["Variability", "Functionality"]
                    },
                    {
                        "scenario_text": "Handle and process events through component interaction",
                        "primary_quality_attribute": ["Reliability", "Functionality"]
                    },
                    {
                        "scenario_text": "Allow application components to utilize the framework services",
                        "primary_quality_attribute": ["Modifiability", "Conceptual Integrity"]
                    }
                ]
            }
        }
    }
}
--------------------------------------------------
[18:34:42] [QUERY] Architect -> Customer:
Please provide details on the architectural approaches (styles/patterns) used in the system. Specifically, I need to know: 1. What architectural styles or patterns are employed (e.g., layered, microservices, MVC)? 2. How are these patterns applied in the system? 3. Which quality attributes do these approaches address and why?
--------------------------------------------------
[18:35:09] [RESPONSE] Customer -> Architect:
{
    "type": "final_answer",
    "reasoning": "Based on the provided system description, the architecture is explicitly an Event-Driven Architecture (EDA) with components like Event Manager, Event Queue, and Handlers. This directly addresses the architectural drivers of Variability, Modifiability, and Reliability by enabling loose coupling, asynchronous processing, and graceful error handling. The patterns mentioned (Observer, Command, Registry) are typical in EDA implementations to support these qualities.",
    "data": {
        "ATAM_Evaluation": {
            "ground_truth_outputs": {
                "architectural_approaches": [
                    {
                        "approach_name": "Event-Driven Architecture (EDA)",
                        "description": "The system uses an Event Manager to dispatch events from an Event Queue to registered Handlers in a FIFO manner, enabling asynchronous, decoupled processing of user inputs from a CLI.",
                        "addressed_attributes": [
                            {
                                "quality_attribute": "Variability",
                                "rationale": "New event types and handlers can be added without modifying core framework components, supporting future expansion."
                            },
                            {
                                "quality_attribute": "Modifiability",
                                "rationale": "Loose coupling between event producers and handlers allows changes to be isolated, making modifications cost-effective and fast."
                            },
                            {
                                "quality_attribute": "Reliability",
                                "rationale": "Graceful handling of invalid inputs and idle wait states ensures robust error management and system stability."
                            }
                        ]
                    },
                    {
                        "approach_name": "Observer Pattern",
                        "description": "Handlers register with the Event Manager to listen for specific events, enabling dynamic binding and notification.",
                        "addressed_attributes": [
                            {
                                "quality_attribute": "Variability",
                                "rationale": "Allows new handlers to be added at runtime without altering event dispatch logic."
                            }
                        ]
                    },
                    {
                        "approach_name": "Command Pattern",
                        "description": "User inputs from the CLI are encapsulated as event objects placed in the Event Queue for processing.",
                        "addressed_attributes": [
                            {
                                "quality_attribute": "Modifiability",
                                "rationale": "Decouples command invocation from execution, simplifying the addition of new command types."
                            }
                        ]
                    },
                    {
                        "approach_name": "Registry Pattern",
                        "description": "A registry binds events to specific handlers, centralizing event-handler mappings.",
                        "addressed_attributes": [
                            {
                                "quality_attribute": "Conceptual Integrity",
                                "rationale": "Provides a consistent mechanism for managing event-handler relationships across the system."
                            }
                        ]
                    }
                ]
            }
        }
    }
}
--------------------------------------------------
[18:35:23] [REASONING] Agent: Architect
TASK: 
        Analyze the system description. 
        Populate the 'architectural_approaches' section of the MASTER DATA SCHEMA.
        Ensure you use the exact keys: 'approach_name', 'description', 'addressed_attributes'.
        
RATIONALE:
The Customer's response provides a comprehensive list of architectural approaches and patterns used in the system. The primary architectural style is Event-Driven Architecture (EDA), supported by the Observer, Command, and Registry patterns. These approaches address key quality attributes such as Variability, Modifiability, Reliability, and Conceptual Integrity. The descriptions and rationales are directly extracted from the Customer's data, ensuring accuracy and alignment with the system description.
================================================================================
[18:35:27] [QUERY] Manager -> Architect:
Please review the draft Utility Tree for the Event-Driven CLI system. I have prioritized scenarios based on the architectural approaches provided. The tree focuses on Variability, Modifiability, Reliability, and Conceptual Integrity. Confirm if the refinements, scenario priorities, and alignment with the architecture are accurate before I finalize.
--------------------------------------------------
[18:35:29] [RESPONSE] Architect -> Manager:
{
    "type": "communication",
    "target_agent": "Manager",
    "content": "Please provide the draft Utility Tree for review. I need to see the specific refinements, scenario IDs, descriptions, and priority tuples to confirm alignment with the architectural approaches."
}
--------------------------------------------------
[18:35:39] [QUERY] Manager -> Architect:
Here is the draft Utility Tree for your review. Please confirm alignment with the architectural approaches.

Utility Tree Draft:
Root: Utility
Quality Attribute Nodes:
1. Variability
   - Refinement: Add new event types and handlers without modifying core framework
   - Scenario ID: V1
   - Scenario Description: During normal operations, a developer needs to introduce a new event type for a new user command. The system should allow registration of a new handler and event type without changes to the Event Manager or Event Queue.
   - Priority Tuple: Importance: High, Difficulty: Low
2. Modifiability
   - Refinement: Isolate changes to event producers or handlers
   - Scenario ID: M1
   - Scenario Description: During maintenance, a handler's business logic requires modification. The change should be localized to that handler without impacting other handlers or the event dispatch mechanism.
   - Priority Tuple: Importance: High, Difficulty: Low
3. Reliability
   - Refinement: Gracefully handle invalid inputs and idle states
   - Scenario ID: R1
   - Scenario Description: During normal operations, a user submits malformed input via CLI. The system should log the error, reject the input, and continue processing other events without crashing.
   - Priority Tuple: Importance: High, Difficulty: Medium
4. Conceptual Integrity
   - Refinement: Maintain consistent event-handler mapping mechanism
   - Scenario ID: C1
   - Scenario Description: During system evolution, all event-handler relationships should be managed through a central registry, ensuring uniform configuration and discovery.
   - Priority Tuple: Importance: Medium, Difficulty: Low
--------------------------------------------------
[18:36:13] [RESPONSE] Architect -> Manager:
{
    "type": "final_answer",
    "reasoning": "The draft Utility Tree aligns well with the architectural approaches. Each quality attribute node corresponds to an approach and its rationale. Variability matches EDA and Observer; Modifiability matches EDA and Command; Reliability matches EDA; Conceptual Integrity matches Registry. No missing technical constraints are evident from the provided approaches.",
    "data": {
        "ATAM_Evaluation": {
            "ground_truth_outputs": {
                "utility_tree": {
                    "root": "Utility",
                    "quality_attribute_nodes": [
                        {
                            "attribute_name": "Variability",
                            "children": [
                                {
                                    "refinement": "Add new event types and handlers without modifying core framework",
                                    "scenario_id": "V1",
                                    "scenario_description": "During normal operations, a developer needs to introduce a new event type for a new user command. The system should allow registration of a new handler and event type without changes to the Event Manager or Event Queue.",
                                    "priority_tuple": {
                                        "importance": "High",
                                        "difficulty": "Low"
                                    }
                                }
                            ]
                        },
                        {
                            "attribute_name": "Modifiability",
                            "children": [
                                {
                                    "refinement": "Isolate changes to event producers or handlers",
                                    "scenario_id": "M1",
                                    "scenario_description": "During maintenance, a handler's business logic requires modification. The change should be localized to that handler without impacting other handlers or the event dispatch mechanism.",
                                    "priority_tuple": {
                                        "importance": "High",
                                        "difficulty": "Low"
                                    }
                                }
                            ]
                        },
                        {
                            "attribute_name": "Reliability",
                            "children": [
                                {
                                    "refinement": "Gracefully handle invalid inputs and idle states",
                                    "scenario_id": "R1",
                                    "scenario_description": "During normal operations, a user submits malformed input via CLI. The system should log the error, reject the input, and continue processing other events without crashing.",
                                    "priority_tuple": {
                                        "importance": "High",
                                        "difficulty": "Medium"
                                    }
                                }
                            ]
                        },
                        {
                            "attribute_name": "Conceptual Integrity",
                            "children": [
                                {
                                    "refinement": "Maintain consistent event-handler mapping mechanism",
                                    "scenario_id": "C1",
                                    "scenario_description": "During system evolution, all event-handler relationships should be managed through a central registry, ensuring uniform configuration and discovery.",
                                    "priority_tuple": {
                                        "importance": "Medium",
                                        "difficulty": "Low"
                                    }
                                }
                            ]
                        }
                    ]
                },
                "architectural_approaches": [
                    {
                        "approach_name": "Event-Driven Architecture (EDA)",
                        "description": "The system uses an Event Manager to dispatch events from an Event Queue to registered Handlers in a FIFO manner, enabling asynchronous, decoupled processing of user inputs from a CLI.",
                        "addressed_attributes": [
                            {
                                "quality_attribute": "Variability",
                                "rationale": "New event types and handlers can be added without modifying core framework components, supporting future expansion."
                            },
                            {
                                "quality_attribute": "Modifiability",
                                "rationale": "Loose coupling between event producers and handlers allows changes to be isolated, making modifications cost-effective and fast."
                            },
                            {
                                "quality_attribute": "Reliability",
                                "rationale": "Graceful handling of invalid inputs and idle wait states ensures robust error management and system stability."
                            }
                        ]
                    },
                    {
                        "approach_name": "Observer Pattern",
                        "description": "Handlers register with the Event Manager to listen for specific events, enabling dynamic binding and notification.",
                        "addressed_attributes": [
                            {
                                "quality_attribute": "Variability",
                                "rationale": "Allows new handlers to be added at runtime without altering event dispatch logic."
                            }
                        ]
                    },
                    {
                        "approach_name": "Command Pattern",
                        "description": "User inputs from the CLI are encapsulated as event objects placed in the Event Queue for processing.",
                        "addressed_attributes": [
                            {
                                "quality_attribute": "Modifiability",
                                "rationale": "Decouples command invocation from execution, simplifying the addition of new command types."
                            }
                        ]
                    },
                    {
                        "approach_name": "Registry Pattern",
                        "description": "A registry binds events to specific handlers, centralizing event-handler mappings.",
                        "addressed_attributes": [
                            {
                                "quality_attribute": "Conceptual Integrity",
                                "rationale": "Provides a consistent mechanism for managing event-handler relationships across the system."
                            }
                        ]
                    }
                ]
            }
        }
    }
}
--------------------------------------------------
[18:36:25] [REASONING] Agent: Manager
TASK: 
        Generate the 'utility_tree' sections based on the MASTER DATA SCHEMA.
        Ensure 'utility_tree' follows the root -> quality_attribute_nodes -> children structure.
        Consult the Architect for technical review before finalizing.
        
RATIONALE:
The Architect has approved the draft Utility Tree. The tree is structured with root 'Utility' and quality attribute nodes for Variability, Modifiability, Reliability, and Conceptual Integrity, each with specific refinements, scenario IDs, descriptions, and priority tuples. This aligns with the architectural approaches provided (EDA, Observer, Command, Registry).
================================================================================
[18:36:33] [REASONING] Agent: Manager
TASK: 
        Generate scenarios and populate the 'scenarios' section of the MASTER DATA SCHEMA.
        Ensure each scenario strictly follows the 'scenario_id', 'scenario_text', and 'related_quality_attributes' keys.
        
RATIONALE:
Based on the current knowledge state, I have the utility tree with four prioritized scenarios (V1, M1, R1, C1). I will populate the 'scenarios' section of the MASTER DATA SCHEMA using these scenarios, ensuring each entry includes 'scenario_text' and 'primary_quality_attribute' as per the schema. The scenario text is taken from the 'scenario_description' in the utility tree, and the primary quality attribute is derived from the parent node's 'attribute_name'.
================================================================================
[18:37:19] [REASONING] Agent: EvaluationTeam
TASK: 
        Perform analysis. Populate the 'analysis_records' section of the MASTER DATA SCHEMA.
        Ensure findings include 'risks', 'non_risks', 'sensitivity_points', and 'tradeoff_points' strictly following the schema.
        
RATIONALE:
I have populated the 'analysis_records' section for all four scenarios from the CURRENT KNOWLEDGE STATE. For each scenario, I mapped the architectural approaches, performed risk analysis, and identified sensitivity and tradeoff points as required. The findings are structured according to the MASTER DATA SCHEMA.
================================================================================
