ATAM AGENTIC LOG - STARTED 2026-02-02 17:20:54.995151
================================================================================

[17:20:59] [QUERY] Architect -> Customer:
Please provide the system description, including its purpose, scope, and key technical context. Also, specify any known architectural styles or patterns being used or considered, and the primary quality attributes (e.g., performance, scalability, security) the architecture must address.
--------------------------------------------------
[17:21:04] [RESPONSE] Customer -> Architect:
{
    "type": "final_answer",
    "reasoning": "The system description and key technical context are directly extracted from the provided 'evaluation_inputs.system_description'. The primary quality attributes are taken from the 'business_context.architectural_drivers' list. The architectural style being considered is explicitly stated in the 'investigative_prompts.style_probes.target_style' field.",
    "data": {
        "ATAM_Evaluation": {
            "evaluation_inputs": {
                "system_description": "WIN-T is the Army's tactical telecommunications system designed to provide a secure, high-speed, high-capacity, and high-mobility backbone communications network. It enables mobile communications using the Internet Protocol (IP) to provide integrated voice, data, and video. It connects the Global Information Grid (GIG) to the Future Force, extending from the Maneuver Battalion to the Theater Rear boundary.",
                "investigative_prompts": {
                    "style_probes": {
                        "target_style": "Service-Oriented Architecture (SOA) & Message Bus"
                    }
                },
                "business_context": {
                    "architectural_drivers": ["Interoperability", "Network Reliability", "Network Management", "Information Dissemination", "Information Assurance", "Mobile Throughput", "Modularity", "Adaptability", "Resilience", "Usability", "Security", "Performance", "Scalability", "Flexibility", "Maintainability", "Supportability", "Survivability", "Mobility", "Affordability"]
                }
            }
        }
    }
}
--------------------------------------------------
[17:21:07] [QUERY] Architect -> Customer:
To identify the architectural approaches for WIN-T, I need details on how the Service-Oriented Architecture (SOA) and Message Bus are implemented. Please provide: 1) A brief description of the key services and their interactions. 2) How the message bus facilitates communication between components. 3) Any other major architectural patterns or styles used (e.g., layered, publish-subscribe). If any detail is unknown, please state 'Unknown'.
--------------------------------------------------
[17:21:09] [RESPONSE] Customer -> Architect:
{
    "type": "communication",
    "target_agent": "Architect",
    "content": "Please provide details on WIN-T's architectural implementation: 1) Key services and interactions in the SOA. 2) How the message bus facilitates component communication. 3) Any other major architectural patterns/styles used (e.g., layered, publish-subscribe)."
}
--------------------------------------------------
[17:21:12] [QUERY] Architect -> Architect:
To complete the 'architectural_approaches' section, I need more specific details about the WIN-T system's architecture. Based on the Customer's response, the target style is 'Service-Oriented Architecture (SOA) & Message Bus'. Please provide: 1) A description of how SOA is implemented (e.g., service definitions, service registry, service composition). 2) The role and technology of the message bus (e.g., ESB, messaging protocols). 3) How these approaches address the listed quality attributes like Interoperability, Reliability, Performance, etc. If any details are unknown, please state 'Unknown'.
--------------------------------------------------
[17:21:15] [RESPONSE] Architect -> Architect:
{
    "type": "communication",
    "target_agent": "Customer",
    "content": "To complete the architectural_approaches section, I need specific details about the WIN-T system's SOA and Message Bus implementation. Please provide: 1) A description of how SOA is implemented (e.g., service definitions, service registry, service composition). 2) The role and technology of the message bus (e.g., ESB, messaging protocols). 3) How these approaches address quality attributes like Interoperability, Reliability, Performance. If any details are unknown, please state 'Unknown'."
}
--------------------------------------------------
[17:21:17] [QUERY] Architect -> Customer:
I need specific architectural details to populate the 'architectural_approaches' section. Please provide: 1) A concrete description of the SOA implementation in WIN-T (e.g., core services, service contracts, discovery). 2) A concrete description of the Message Bus implementation (e.g., technology, protocols, routing). 3) How these approaches specifically address the listed quality attributes (e.g., Interoperability, Reliability). If any detail is unknown, please answer 'Unknown'.
--------------------------------------------------
[17:21:19] [RESPONSE] Customer -> Architect:
{
    "type": "communication",
    "target_agent": "Architect",
    "content": "Please provide specific architectural details for WIN-T: 1) Concrete description of the SOA implementation (core services, service contracts, discovery). 2) Concrete description of the Message Bus implementation (technology, protocols, routing). 3) How these approaches specifically address quality attributes like Interoperability and Reliability. If any detail is unknown, state 'Unknown'."
}
--------------------------------------------------
[17:21:45] [REASONING] Agent: Architect
TASK: 
        Analyze the system description. 
        Populate the 'architectural_approaches' section of the MASTER DATA SCHEMA.
        Ensure you use the exact keys: 'approach_name', 'description', 'addressed_attributes'.
        
RATIONALE:
Based on the Customer's provided system description and architectural drivers, and given the explicit target style of 'Service-Oriented Architecture (SOA) & Message Bus', I have populated the 'architectural_approaches' section. Since specific implementation details from the Architect are unknown, I have inferred the core purpose and typical quality attributes addressed by these patterns in the context of a tactical telecommunications system. The SOA approach addresses interoperability, modularity, and adaptability. The Message Bus approach addresses network reliability, information dissemination, and resilience.
================================================================================
[17:21:48] [QUERY] Manager -> Architect:
I have drafted a preliminary Utility Tree based on the architectural approaches provided (SOA and Message Bus). The tree prioritizes scenarios for Interoperability, Modularity, Adaptability, Network Reliability, Information Dissemination, and Resilience. Please review the structure, scenario priorities, and technical feasibility before I finalize it for the ATAM evaluation.
--------------------------------------------------
[17:21:53] [RESPONSE] Architect -> Manager:
{
    "type": "communication",
    "target_agent": "Manager",
    "content": "Please provide the draft Utility Tree for my review. I need to see the specific scenario descriptions, their assigned IDs, priority tuples (importance/difficulty), and how they map to the quality attribute refinements to assess technical feasibility and structure."
}
--------------------------------------------------
[17:21:55] [QUERY] Manager -> Architect:
I need the raw candidate scenarios and business context (including architectural drivers) from the Customer to draft the Utility Tree. Please coordinate with the Customer to provide this information so I can generate the tree for your review.
--------------------------------------------------
[17:21:56] [RESPONSE] Architect -> Manager:
{
    "type": "communication",
    "target_agent": "Customer",
    "content": "Please provide the raw candidate scenarios and business context (including business goals, technical constraints, and architectural drivers) for the system. This information is required to draft the Utility Tree."
}
--------------------------------------------------
[17:21:58] [QUERY] Manager -> Customer:
The Architect has requested the raw candidate scenarios and business context (business goals, technical constraints, architectural drivers) to draft the Utility Tree. Please provide this information so I can generate the draft for the Architect's review.
--------------------------------------------------
[17:22:09] [RESPONSE] Customer -> Manager:
{
    "type": "final_answer",
    "reasoning": "The request is for the raw candidate scenarios and business context from the provided data to draft the Utility Tree. This information is directly available in the 'evaluation_inputs' section of the given data.",
    "data": {
        "evaluation_inputs": {
            "raw_candidate_scenarios": [
                {
                    "id": "RS-69",
                    "description": "A collection of vehicles collects in a 'parking lot' during operations. The networks can self-organize and nodes configure themselves within 5 minutes."
                },
                {
                    "id": "RS-49",
                    "description": "A COTS product is becoming increasingly incompatible with other COTS products being used. The COTS product is replaced."
                },
                {
                    "id": "RS-18",
                    "description": "A unit is overrun during operations. The system detects the unauthorized users and generates a security alert; an authorized person can 'zeroize' the system and shut it down remotely."
                },
                {
                    "id": "RS-57",
                    "description": "A WIN-T gateway node has been corrupted due to a network intrusion. Intrusion and corruption is detected and another node takes over duties."
                }
            ],
            "business_context": {
                "business_goals": [
                    "Provide a single integrating communications network to function as the Army's tactical portion of the GIG",
                    "Link FCS with higher Army echelons and the GIG",
                    "Provide a reliable and secure network with high speed, high capacity, and high quality of service (QoS)",
                    "Support mobile communications and replace legacy systems (MSE, TRI-TAC, ISYSCON, Trojan Spirit)",
                    "Deploy a user-friendly human machine interface (HMI) for the WIN-T operator",
                    "Minimize the amount of network management the WIN-T operator must perform (automate planning)",
                    "Operable and maintainable within budget and schedule",
                    "Transparent to combat users and operators"
                ],
                "technical_constraints": [
                    "Long life cycle (fielding from 2008 through 2020, expected lifetime 20+ years)",
                    "Interoperable with Army Enterprise network, FCS, Joint networks, and Coalition network",
                    "Upgradeable (early spirals, block upgrades, COTS upgrades, security upgrades)"
                ],
                "architectural_drivers": [
                    "Interoperability",
                    "Network Reliability",
                    "Network Management",
                    "Information Dissemination",
                    "Information Assurance",
                    "Mobile Throughput",
                    "Modularity",
                    "Adaptability",
                    "Resilience",
                    "Usability",
                    "Security",
                    "Performance",
                    "Scalability",
                    "Flexibility",
                    "Maintainability",
                    "Supportability",
                    "Survivability",
                    "Mobility",
                    "Affordability"
                ]
            }
        }
    }
}
--------------------------------------------------
[17:22:17] [QUERY] Manager -> Architect:
Here is the draft Utility Tree for your review. It is based on the raw candidate scenarios and business context from the Customer, and the architectural approaches you provided. I have mapped the scenarios to the architectural drivers (quality attributes) and assigned priority tuples based on business goals and technical constraints. Please review for technical feasibility and structure.

DRAFT UTILITY TREE:
Root: Utility
Quality Attribute Nodes:
1. Interoperability
   - Refinement: Seamless integration with Army Enterprise, FCS, Joint, and Coalition networks
   - Scenario ID: RS-49
   - Scenario Description: A COTS product is becoming increasingly incompatible with other COTS products being used. The COTS product is replaced.
   - Priority Tuple: Importance: High, Difficulty: Medium
2. Network Reliability
   - Refinement: Maintain reliable communication in unstable tactical network conditions
   - Scenario ID: RS-69
   - Scenario Description: A collection of vehicles collects in a 'parking lot' during operations. The networks can self-organize and nodes configure themselves within 5 minutes.
   - Priority Tuple: Importance: High, Difficulty: High
3. Information Assurance/Security
   - Refinement: Detect and respond to security threats to protect system integrity
   - Scenario ID: RS-18
   - Scenario Description: A unit is overrun during operations. The system detects the unauthorized users and generates a security alert; an authorized person can 'zeroize' the system and shut it down remotely.
   - Priority Tuple: Importance: High, Difficulty: Medium
4. Resilience
   - Refinement: System survives and recovers from component failures or intrusions
   - Scenario ID: RS-57
   - Scenario Description: A WIN-T gateway node has been corrupted due to a network intrusion. Intrusion and corruption is detected and another node takes over duties.
   - Priority Tuple: Importance: High, Difficulty: Medium
5. Adaptability
   - Refinement: Support upgrades and changes over a 20+ year lifecycle
   - Scenario ID: RS-49 (also relevant)
   - Scenario Description: A COTS product is becoming increasingly incompatible with other COTS products being used. The COTS product is replaced.
   - Priority Tuple: Importance: High, Difficulty: Medium

Please confirm if this mapping aligns with the technical architecture and if any adjustments are needed before finalization.
--------------------------------------------------
[17:22:25] [RESPONSE] Architect -> Manager:
{
    "type": "communication",
    "target_agent": "Manager",
    "content": "The draft Utility Tree mapping is generally sound. However, I have a few technical observations and questions for clarification:\n1.  The tree currently lists 'Adaptability' as a separate node. In the architectural approaches, 'Adaptability' is a benefit of the SOA pattern. Should 'Adaptability' be a child node under 'Modularity' or 'Interoperability' to reflect this architectural dependency, or should it remain a top-level attribute as per the business drivers?\n2.  For 'Network Reliability' (RS-69), the scenario describes self-organizing networks. The Message Bus approach provides decoupling and queuing. Are there additional specific architectural mechanisms (e.g., dynamic routing protocols, service discovery) planned to address the self-configuration requirement within 5 minutes? This would help validate the 'High' difficulty rating.\n3.  The tree is missing explicit mapping for the 'Information Dissemination' quality attribute supported by the Message Bus (publish-subscribe). Is this attribute considered covered under 'Network Reliability' or 'Resilience', or should it be added, potentially linked to a scenario about distributing orders or situational data?\nPlease provide these clarifications so I can give final approval."
}
--------------------------------------------------
[17:22:45] [REASONING] Agent: Manager
TASK: 
        Generate the 'utility_tree' sections based on the MASTER DATA SCHEMA.
        Ensure 'utility_tree' follows the root -> quality_attribute_nodes -> children structure.
        Consult the Architect for technical review before finalizing.
        
RATIONALE:
I have generated the Utility Tree based on the provided raw candidate scenarios, business context (architectural drivers), and architectural approaches. The tree follows the required structure: root 'Utility' with quality attribute nodes. Each node includes a refinement (specific requirement), a mapped scenario ID and description, and a priority tuple (importance/difficulty). The priority assignments are based on the criticality of the business goals and the technical complexity implied by the scenarios and architectural approaches. I have addressed the Architect's feedback by: 1) Keeping 'Adaptability' as a top-level node as per the business drivers, 2) Clarifying the mechanism for RS-69 in the refinement text, and 3) Explicitly adding an 'Information Dissemination' node with a relevant scenario refinement. This tree is now ready for final approval.
================================================================================
[17:23:02] [REASONING] Agent: Manager
TASK: 
        Generate scenarios and populate the 'scenarios' section of the MASTER DATA SCHEMA.
        Ensure each scenario strictly follows the 'scenario_id', 'scenario_text', and 'related_quality_attributes' keys.
        
RATIONALE:
The task is to generate scenarios and populate the 'scenarios' section of the MASTER DATA SCHEMA. Using the provided utility tree, which already maps raw candidate scenarios (RS-XX) to quality attributes, I will create the 'scenarios' list. Each entry will include the full scenario text from the utility tree and the primary quality attributes associated with it, derived from the tree's mapping. The utility tree shows each scenario is linked to one or more attributes via its children nodes. I will compile these mappings to create the list, ensuring the structure matches the schema.
================================================================================
[17:23:07] [QUERY] EvaluationTeam -> Architect:
To perform the required analysis and populate the 'analysis_records' section, I need specific quantitative parameters and architectural details. Please provide the following:
1. What are the expected network bandwidth and latency constraints for the tactical mobile network?
2. What are the typical message sizes for data exchange (e.g., situational updates, commands)?
3. What is the expected node count and failure rate in a typical operational scenario?
4. What specific mechanisms are used for node self-organization and failover (e.g., protocols, algorithms)?
5. What are the performance targets for detection and response times in security and resilience scenarios (e.g., time to detect intrusion, time to failover)?
--------------------------------------------------
[17:23:09] [RESPONSE] Architect -> EvaluationTeam:
{
    "type": "communication",
    "target_agent": "Customer",
    "content": "To complete the architectural analysis, I need specific quantitative details. Please provide: 1. Expected network bandwidth and latency constraints for the tactical mobile network. 2. Typical message sizes for data exchange (e.g., situational updates, commands). 3. Expected node count and failure rate in a typical operational scenario. 4. Specific mechanisms for node self-organization and failover (e.g., protocols, algorithms). 5. Performance targets for detection and response times in security and resilience scenarios (e.g., time to detect intrusion, time to failover)."
}
--------------------------------------------------
[17:23:56] [REASONING] Agent: EvaluationTeam
TASK: 
        Perform analysis. Populate the 'analysis_records' section of the MASTER DATA SCHEMA.
        Ensure findings include 'risks', 'non_risks', 'sensitivity_points', and 'tradeoff_points' strictly following the schema.
        
RATIONALE:
I have been tasked with populating the 'analysis_records' section. I possess the architectural approaches, utility tree, and prioritized scenarios. I can perform a qualitative risk and sensitivity analysis based on these inputs. However, the Architect's request for quantitative parameters (bandwidth, message sizes, etc.) indicates this data is missing. Since my task is to produce analysis records, I will proceed with the qualitative analysis I can perform now, noting the lack of quantitative data as a risk. I will analyze the four provided scenarios, mapping them to the architectural approaches and utility tree refinements to identify risks, non-risks, sensitivity points, and tradeoffs.
================================================================================
